[11-Nov-2014 12:34:35 UTC] PHP Notice:  Undefined index: cat_scabbard in G:\Programs\xampp\htdocs\cuirsetlacets\wp-content\themes\cuirsetlacets\template-boutique.php on line 40
[11-Nov-2014 12:34:35 UTC] PHP Notice:  Undefined index: cat_scabbard in G:\Programs\xampp\htdocs\cuirsetlacets\wp-content\themes\cuirsetlacets\template-boutique.php on line 40
[11-Nov-2014 12:34:35 UTC] PHP Notice:  Undefined index: cat_girdle in G:\Programs\xampp\htdocs\cuirsetlacets\wp-content\themes\cuirsetlacets\template-boutique.php on line 40
[11-Nov-2014 12:34:35 UTC] PHP Notice:  Undefined index: cat_girdle in G:\Programs\xampp\htdocs\cuirsetlacets\wp-content\themes\cuirsetlacets\template-boutique.php on line 40
[11-Nov-2014 12:34:35 UTC] PHP Notice:  Undefined index: cat_pouch in G:\Programs\xampp\htdocs\cuirsetlacets\wp-content\themes\cuirsetlacets\template-boutique.php on line 40
[11-Nov-2014 12:34:35 UTC] PHP Notice:  Undefined index: cat_pouch in G:\Programs\xampp\htdocs\cuirsetlacets\wp-content\themes\cuirsetlacets\template-boutique.php on line 40
[11-Nov-2014 12:34:35 UTC] PHP Notice:  Undefined index: cat_purse in G:\Programs\xampp\htdocs\cuirsetlacets\wp-content\themes\cuirsetlacets\template-boutique.php on line 40
[11-Nov-2014 12:34:35 UTC] PHP Notice:  Undefined index: cat_purse in G:\Programs\xampp\htdocs\cuirsetlacets\wp-content\themes\cuirsetlacets\template-boutique.php on line 40
[11-Nov-2014 12:34:35 UTC] PHP Notice:  Undefined index: cat_miscelaneous in G:\Programs\xampp\htdocs\cuirsetlacets\wp-content\themes\cuirsetlacets\template-boutique.php on line 40
[11-Nov-2014 12:34:35 UTC] PHP Notice:  Undefined index: cat_miscelaneous in G:\Programs\xampp\htdocs\cuirsetlacets\wp-content\themes\cuirsetlacets\template-boutique.php on line 40
[11-Nov-2014 12:36:40 UTC] PHP Notice:  Undefined index: cat_scabbard in G:\Programs\xampp\htdocs\cuirsetlacets\wp-content\themes\cuirsetlacets\template-boutique.php on line 40
[11-Nov-2014 12:36:40 UTC] PHP Notice:  Undefined index: cat_scabbard in G:\Programs\xampp\htdocs\cuirsetlacets\wp-content\themes\cuirsetlacets\template-boutique.php on line 40
[11-Nov-2014 12:36:40 UTC] PHP Notice:  Undefined index: cat_girdle in G:\Programs\xampp\htdocs\cuirsetlacets\wp-content\themes\cuirsetlacets\template-boutique.php on line 40
[11-Nov-2014 12:36:40 UTC] PHP Notice:  Undefined index: cat_girdle in G:\Programs\xampp\htdocs\cuirsetlacets\wp-content\themes\cuirsetlacets\template-boutique.php on line 40
[11-Nov-2014 12:36:40 UTC] PHP Notice:  Undefined index: cat_pouch in G:\Programs\xampp\htdocs\cuirsetlacets\wp-content\themes\cuirsetlacets\template-boutique.php on line 40
[11-Nov-2014 12:36:40 UTC] PHP Notice:  Undefined index: cat_pouch in G:\Programs\xampp\htdocs\cuirsetlacets\wp-content\themes\cuirsetlacets\template-boutique.php on line 40
[11-Nov-2014 12:36:40 UTC] PHP Notice:  Undefined index: cat_purse in G:\Programs\xampp\htdocs\cuirsetlacets\wp-content\themes\cuirsetlacets\template-boutique.php on line 40
[11-Nov-2014 12:36:40 UTC] PHP Notice:  Undefined index: cat_purse in G:\Programs\xampp\htdocs\cuirsetlacets\wp-content\themes\cuirsetlacets\template-boutique.php on line 40
[11-Nov-2014 12:36:40 UTC] PHP Notice:  Undefined index: cat_miscelaneous in G:\Programs\xampp\htdocs\cuirsetlacets\wp-content\themes\cuirsetlacets\template-boutique.php on line 40
[11-Nov-2014 12:36:40 UTC] PHP Notice:  Undefined index: cat_miscelaneous in G:\Programs\xampp\htdocs\cuirsetlacets\wp-content\themes\cuirsetlacets\template-boutique.php on line 40
